2008-12-15 11:53:12 Debug: Notice (8): Use of undefined constant scope - assumed 'scope' in [APP\controllers\schedules_controller.php, line 8]
2008-12-15 11:53:12 Debug: Notice (8): Undefined variable: end in [APP\models\schedule.php, line 22]
2008-12-15 11:53:12 Debug: Notice (8): Undefined variable: end in [APP\models\schedule.php, line 23]
2008-12-15 11:53:31 Debug: Notice (8): Undefined variable: end in [APP\models\schedule.php, line 22]
2008-12-15 11:53:31 Debug: Notice (8): Undefined variable: end in [APP\models\schedule.php, line 23]
2008-12-18 16:25:59 Debug: Notice (8): Undefined variable: from_time in [APP\models\schedule.php, line 8]
2008-12-18 16:25:59 Debug: Notice (8): Undefined variable: to_time in [APP\models\schedule.php, line 9]
2008-12-18 16:28:32 Debug: Notice (8): Undefined variable: schedule in [APP\views\schedules\index.ctp, line 6]
2008-12-18 16:28:54 Debug: Notice (8): Undefined variable: scheduleTable in [APP\views\schedules\index.ctp, line 6]
2008-12-18 17:30:26 Debug: Notice (8): Undefined variable: from_time in [APP\views\helpers\schedule_table.php, line 31]
2008-12-20 12:45:39 Debug: Notice (8): Undefined variable: date in [APP\views\helpers\schedule_table.php, line 112]
2008-12-20 12:45:56 Debug: Notice (8): A non well formed numeric value encountered in [APP\views\helpers\schedule_table.php, line 112]
2008-12-20 12:45:56 Debug: Notice (8): A non well formed numeric value encountered in [APP\views\helpers\schedule_table.php, line 115]
2008-12-20 14:06:25 Debug: Notice (8): Undefined variable: target in [APP\views\helpers\schedule_table.php, line 147]
2008-12-20 14:06:25 Debug: Notice (8): Undefined variable: target in [APP\views\helpers\schedule_table.php, line 148]
2008-12-20 14:13:27 Debug: Notice (8): Undefined variable: schefule_data in [APP\views\helpers\schedule_table.php, line 105]
2008-12-20 14:15:07 Debug: Notice (8): Undefined variable: date in [APP\views\helpers\schedule_table.php, line 144]
2008-12-20 14:16:37 Debug: Notice (8): A non well formed numeric value encountered in [APP\views\helpers\schedule_table.php, line 146]
2008-12-20 21:25:08 Debug: Notice (8): Undefined property: ScheduleTableHelper::$names in [APP\utils\holidays\ja\holidays.php, line 22]
2008-12-22 16:36:31 Debug: Notice (8): Undefined variable: _time in [APP\utils\holidays\ja\holidays.php, line 16]
2008-12-23 14:44:05 Debug: Notice (8): Undefined variable: appForm in [APP\views\schedules\scaffold.edit.ctp, line 2]
2008-12-23 15:07:58 Debug: Notice (8): Undefined variable: filename in [CORE\cake\libs\session.php, line 544]
2008-12-23 15:24:57 Debug: Notice (8): Undefined property: ScheduleTableHelper::$Html in [APP\views\helpers\schedule_table.php, line 149]
2008-12-23 16:28:55 Debug: Notice (8): Undefined index:  from in [APP\app_model.php, line 52]
2008-12-23 16:28:55 Debug: Notice (8): Undefined index:  to in [APP\app_model.php, line 53]
2008-12-23 16:29:21 Debug: Notice (8): Undefined index:  from in [APP\app_model.php, line 53]
2008-12-23 16:29:21 Debug: Notice (8): Undefined index:  to in [APP\app_model.php, line 54]
2008-12-23 17:31:55 Debug: Notice (8): Use of undefined constant Schedule - assumed 'Schedule' in [CORE\cake\libs\class_registry.php, line 138]
2009-01-10 18:40:38 Debug: Notice (8): Undefined variable: data in [APP\views\schedules\scaffold.edit.ctp, line 16]
2009-01-10 18:40:52 Debug: Notice (8): Undefined index:  id in [APP\views\schedules\scaffold.edit.ctp, line 16]
2009-01-10 18:46:06 Debug: Notice (8): Array to string conversion in [CORE\cake\libs\view\helpers\form.php, line 1102]
2009-01-10 19:07:05 Debug: Notice (8): Undefined property: AppFormHelper::$Html in [CORE\cake\libs\view\helpers\form.php, line 1018]
2009-01-10 19:07:06 Debug: Notice (8): Trying to get property of non-object in [CORE\cake\libs\view\helpers\form.php, line 1018]
2009-01-10 19:07:06 Debug: Notice (8): Undefined property: AppFormHelper::$Html in [CORE\cake\libs\view\helpers\form.php, line 246]
2009-01-10 19:07:06 Debug: Notice (8): Trying to get property of non-object in [CORE\cake\libs\view\helpers\form.php, line 246]
2009-01-10 19:07:06 Debug: Notice (8): Undefined property: AppFormHelper::$Html in [CORE\cake\libs\view\helpers\form.php, line 467]
2009-01-10 19:07:06 Debug: Notice (8): Trying to get property of non-object in [CORE\cake\libs\view\helpers\form.php, line 467]
2009-01-10 19:07:06 Debug: Notice (8): Undefined property: AppFormHelper::$Html in [CORE\cake\libs\view\helpers\form.php, line 1190]
2009-01-10 19:07:06 Debug: Notice (8): Trying to get property of non-object in [CORE\cake\libs\view\helpers\form.php, line 1190]
2009-01-10 19:07:06 Debug: Notice (8): Undefined property: AppFormHelper::$Html in [CORE\cake\libs\view\helpers\form.php, line 1721]
2009-01-10 19:07:06 Debug: Notice (8): Trying to get property of non-object in [CORE\cake\libs\view\helpers\form.php, line 1721]
2009-01-10 19:07:06 Debug: Notice (8): Undefined property: AppFormHelper::$Html in [CORE\cake\libs\view\helpers\form.php, line 1222]
2009-01-10 19:07:06 Debug: Notice (8): Trying to get property of non-object in [CORE\cake\libs\view\helpers\form.php, line 1222]
2009-01-10 19:07:06 Debug: Notice (8): Undefined property: AppFormHelper::$Html in [CORE\cake\libs\view\helpers\form.php, line 818]
2009-01-14 15:24:41 Debug: Notice (8): Undefined variable: form in [CORE\cake\libs\view\scaffolds\edit.ctp, line 27]
2009-01-14 15:25:03 Debug: Notice (8): Undefined variable: form in [CORE\cake\libs\view\scaffolds\edit.ctp, line 27]
2009-01-15 16:12:18 Debug: Notice (8): Undefined property: GroupsController::$controller in [APP\app_controller.php, line 26]
2009-01-15 16:12:18 Debug: Notice (8): Trying to get property of non-object in [APP\app_controller.php, line 26]
2009-01-15 16:12:18 Debug: Notice (8): Undefined property: GroupsController::$controller in [APP\app_controller.php, line 34]
2009-01-15 16:12:18 Debug: Notice (8): Trying to get property of non-object in [APP\app_controller.php, line 34]
2009-01-15 16:12:46 Debug: Notice (8): Undefined property: GroupsController::$controller in [APP\app_controller.php, line 34]
2009-01-15 16:12:46 Debug: Notice (8): Trying to get property of non-object in [APP\app_controller.php, line 34]
2009-01-15 16:38:41 Debug: Notice (8): Undefined property: SecurityComponent::$Session in [CORE\cake\libs\controller\components\security.php, line 384]
2009-01-15 16:44:36 Debug: Notice (8): Undefined variable: components in [APP\app_controller.php, line 28]
2009-01-15 16:44:36 Debug: Notice (8): Undefined property: GroupsController::$Security in [APP\app_controller.php, line 30]
2009-01-15 17:30:57 Debug: Notice (8): Undefined variable: data in [APP\app_controller.php, line 25]
2009-01-15 18:37:34 Debug: Notice (8): Undefined index:  name in [APP\views\groups\scaffold.confirm.ctp, line 2]
2009-01-15 18:37:34 Debug: Notice (8): Undefined index:  memo in [APP\views\groups\scaffold.confirm.ctp, line 3]
2009-01-15 18:38:08 Debug: Notice (8): Undefined index:  name in [APP\views\groups\scaffold.confirm.ctp, line 3]
2009-01-15 18:38:08 Debug: Notice (8): Undefined index:  memo in [APP\views\groups\scaffold.confirm.ctp, line 4]
2009-01-17 13:46:57 Debug: Notice (8): Undefined variable: user in [APP\views\users\scaffold.confirm.ctp, line 4]
2009-01-17 13:46:57 Debug: Notice (8): Undefined variable: user in [APP\views\users\scaffold.confirm.ctp, line 9]
2009-01-17 13:46:57 Debug: Notice (8): Undefined variable: user in [APP\views\users\scaffold.confirm.ctp, line 14]
2009-01-17 13:46:57 Debug: Notice (8): Undefined variable: user in [APP\views\users\scaffold.confirm.ctp, line 19]
2009-01-17 13:46:58 Debug: Notice (8): Undefined variable: user in [APP\views\users\scaffold.confirm.ctp, line 24]
2009-01-17 13:47:37 Debug: Notice (8): Undefined variable: user in [APP\views\users\scaffold.confirm.ctp, line 4]
2009-01-17 13:47:37 Debug: Notice (8): Undefined variable: user in [APP\views\users\scaffold.confirm.ctp, line 9]
2009-01-17 13:47:37 Debug: Notice (8): Undefined variable: user in [APP\views\users\scaffold.confirm.ctp, line 14]
2009-01-17 13:47:37 Debug: Notice (8): Undefined variable: user in [APP\views\users\scaffold.confirm.ctp, line 19]
2009-01-17 13:47:37 Debug: Notice (8): Undefined variable: user in [APP\views\users\scaffold.confirm.ctp, line 24]
2009-01-17 14:42:44 Debug: Notice (8): Undefined property: UsersController::$whitelist in [APP\controllers\users_controller.php, line 20]
2009-01-24 16:28:00 Debug: Notice (8): Undefined property: ConfirmComponent::$modelClass in [APP\controllers\components\confirm.php, line 14]
2009-01-24 16:32:21 Debug: Notice (8): Trying to get property of non-object in [CORE\cake\libs\controller\components\security.php, line 169]
2009-01-24 16:33:23 Debug: Notice (8): Trying to get property of non-object in [CORE\cake\libs\controller\components\security.php, line 169]
2009-01-24 16:36:36 Debug: Notice (8): Trying to get property of non-object in [CORE\cake\libs\controller\components\security.php, line 169]
2009-01-24 16:37:16 Debug: Notice (8): Trying to get property of non-object in [CORE\cake\libs\controller\components\security.php, line 170]
2009-01-24 16:38:08 Debug: Notice (8): Trying to get property of non-object in [CORE\cake\libs\controller\components\security.php, line 169]
2009-01-24 16:38:14 Debug: Notice (8): Trying to get property of non-object in [CORE\cake\libs\controller\components\security.php, line 169]
2009-01-24 16:44:03 Debug: Notice (8): Trying to get property of non-object in [CORE\cake\libs\controller\components\security.php, line 169]
2009-01-24 16:46:02 Debug: Notice (8): Trying to get property of non-object in [CORE\cake\libs\controller\components\security.php, line 169]
2009-01-24 16:46:06 Debug: Notice (8): Trying to get property of non-object in [CORE\cake\libs\controller\components\security.php, line 169]
2009-01-24 16:46:39 Debug: Notice (8): Trying to get property of non-object in [CORE\cake\libs\controller\components\security.php, line 169]
2009-01-24 16:47:41 Debug: Notice (8): Trying to get property of non-object in [CORE\cake\libs\controller\components\security.php, line 169]
2009-01-24 17:09:19 Debug: Notice (8): Undefined index:  User in [APP\views\users\scaffold.edit.ctp, line 18]
2009-01-24 19:52:32 Debug: Notice (8): Undefined index:  confirm_password in [APP\controllers\users_controller.php, line 11]
2009-01-24 19:53:24 Debug: Notice (8): Undefined index:  confirm_password in [APP\app_model.php, line 58]
2009-01-24 19:53:36 Debug: Notice (8): Undefined index:  confirm_password in [APP\app_model.php, line 58]
2009-01-24 19:53:46 Debug: Notice (8): Undefined index:  confirm_password in [APP\app_model.php, line 58]
2009-01-24 19:54:22 Debug: Notice (8): Undefined index:  confirm_password in [APP\app_model.php, line 58]
2009-01-24 21:05:41 Debug: Notice (8): Undefined index:  fullname in [APP\views\layouts\default.ctp, line 50]
2009-01-24 22:21:09 Debug: Notice (8): Undefined variable: autoExit in [APP\controllers\components\confirm.php, line 43]
2009-01-27 14:59:40 Debug: Notice (8): Undefined index:  Group.Group in [APP\app_model.php, line 69]
2009-01-27 15:00:06 Debug: Notice (8): Undefined index:  Group in [APP\app_model.php, line 69]
2009-01-27 15:17:56 Debug: Notice (8): Array to string conversion in [CORE\cake\libs\i18n.php, line 127]
2009-01-27 15:20:26 Debug: Notice (8): Array to string conversion in [CORE\cake\libs\i18n.php, line 127]
2009-01-27 15:28:17 Debug: Notice (8): Array to string conversion in [CORE\cake\libs\i18n.php, line 127]
2009-01-27 15:30:33 Debug: Notice (8): Array to string conversion in [CORE\cake\libs\i18n.php, line 127]
2009-01-27 15:30:47 Debug: Notice (8): Array to string conversion in [CORE\cake\libs\i18n.php, line 127]
2009-01-27 15:30:57 Debug: Notice (8): Array to string conversion in [CORE\cake\libs\i18n.php, line 127]
2009-01-27 15:31:41 Debug: Notice (8): Array to string conversion in [CORE\cake\libs\i18n.php, line 127]
2009-01-27 15:31:58 Debug: Notice (8): Array to string conversion in [CORE\cake\libs\i18n.php, line 127]
2009-01-27 15:50:07 Debug: Notice (8): Undefined index:  Group in [APP\app_model.php, line 75]
2009-01-27 15:56:28 Debug: Notice (8): Undefined index:  Group in [APP\app_model.php, line 74]
2009-01-27 15:56:28 Debug: Notice (8): Undefined offset:  2 in [CORE\cake\libs\view\helpers\form.php, line 395]
2009-01-27 15:56:48 Debug: Notice (8): Undefined offset:  2 in [CORE\cake\libs\view\helpers\form.php, line 395]
2009-01-31 20:01:06 Debug: Notice (8): Undefined variable: loginUser in [APP\views\layouts\default.ctp, line 51]
2009-01-31 20:02:27 Debug: Notice (8): Undefined variable: loginUser in [APP\views\layouts\default.ctp, line 51]
2009-01-31 20:18:40 Debug: Notice (8): Undefined variable: loginUser in [APP\views\layouts\default.ctp, line 51]
2009-01-31 20:19:17 Debug: Notice (8): Undefined variable: loginUser in [APP\views\layouts\default.ctp, line 51]
2009-01-31 20:20:35 Debug: Notice (8): Undefined variable: loginUser in [APP\views\layouts\default.ctp, line 51]
2009-02-01 15:57:02 Debug: Notice (8): Undefined variable: loginUser in [APP\views\layouts\default.ctp, line 51]
2009-02-01 15:57:41 Debug: Notice (8): Undefined variable: loginUser in [APP\views\layouts\default.ctp, line 51]
2009-02-02 15:23:44 Debug: Notice (8): Undefined variable: users in [APP\views\schedules\confirm.ctp, line 24]
2009-02-07 15:35:04 Debug: Notice (8): Undefined variable: loginUser in [APP\views\layouts\default.ctp, line 51]
2009-02-07 15:43:14 Debug: Notice (8): Undefined variable: loginUser in [APP\views\layouts\default.ctp, line 51]
2009-02-07 15:45:00 Debug: Notice (8): Undefined variable: loginUser in [APP\views\layouts\default.ctp, line 51]
2009-02-07 16:24:00 Debug: Notice (8): Undefined variable: script in [APP\views\helpers\app_form.php, line 157]
2009-02-07 16:24:05 Debug: Notice (8): Undefined variable: script in [APP\views\helpers\app_form.php, line 157]
2009-02-07 16:40:44 Debug: Notice (8): Undefined index:  User in [APP\views\helpers\app_form.php, line 147]
2009-02-07 16:40:58 Debug: Notice (8): Undefined index:  id in [APP\views\schedules\scaffold.edit.ctp, line 12]
2009-02-07 16:40:58 Debug: Notice (8): Undefined index:  User in [APP\views\helpers\app_form.php, line 147]
2009-02-07 16:41:14 Debug: Notice (8): Undefined index:  User in [APP\views\helpers\app_form.php, line 147]
2009-02-07 16:41:54 Debug: Notice (8): Undefined index:  User in [APP\views\helpers\app_form.php, line 147]
2009-02-07 16:42:38 Debug: Notice (8): Undefined index:  User in [APP\views\helpers\app_form.php, line 147]
2009-02-07 16:54:59 Debug: Notice (8): Undefined index:  name in [APP\views\schedules\scaffold.edit.ctp, line 13]
2009-02-07 17:14:32 Debug: Notice (8): Undefined index:  0 in [APP\views\helpers\app_form.php, line 150]
2009-02-07 17:14:57 Debug: Notice (8): Undefined index:  0 in [APP\views\helpers\app_form.php, line 150]
2009-02-07 17:15:10 Debug: Notice (8): Undefined index:  0 in [APP\views\helpers\app_form.php, line 150]
2009-02-07 17:16:08 Debug: Notice (8): Undefined index:  0 in [APP\views\helpers\app_form.php, line 151]
2009-02-07 17:16:57 Debug: Notice (8): Undefined index:  0 in [APP\views\helpers\app_form.php, line 151]
2009-02-07 17:45:02 Debug: Notice (8): Undefined variable: selets in [APP\views\helpers\app_form.php, line 161]
2009-02-07 20:42:00 Debug: Notice (8): Undefined index:  id in [APP\controllers\schedules_controller.php, line 18]
2009-02-08 15:10:41 Debug: Notice (8): Undefined index:  Permission in [CORE\cake\libs\model\model.php, line 2162]
2009-02-08 15:10:42 Debug: Notice (8): Undefined index:  Permission in [CORE\cake\libs\model\model.php, line 2163]
2009-02-08 15:11:05 Debug: Notice (8): Undefined index:  Permission in [CORE\cake\libs\model\model.php, line 2162]
2009-02-08 15:11:05 Debug: Notice (8): Undefined index:  Permission in [CORE\cake\libs\model\model.php, line 2163]
2009-02-08 15:15:00 Debug: Notice (8): Undefined index:  parent_id in [CORE\cake\libs\model\model.php, line 2163]
2009-02-08 15:38:42 Debug: Notice (8): Undefined variable: aros in [APP\views\groups\scaffold.edit.ctp, line 20]
2009-02-08 15:39:16 Debug: Notice (8): Undefined variable: aros in [APP\views\groups\scaffold.edit.ctp, line 20]
2009-02-08 17:11:28 Debug: Notice (8): Use of undefined constant hidden - assumed 'hidden' in [APP\views\helpers\app_form.php, line 188]
2009-02-08 17:25:17 Debug: Notice (8): Undefined property: AppFormHelper::$_hidden in [APP\views\helpers\app_form.php, line 215]
2009-02-08 17:53:15 Debug: Notice (8): Undefined index:  checked in [APP\views\helpers\app_form.php, line 207]
2009-02-08 17:53:31 Debug: Notice (8): Undefined index:  checked in [APP\views\helpers\app_form.php, line 207]
2009-02-08 18:13:51 Debug: Notice (8): Undefined variable: options in [APP\views\helpers\app_form.php, line 216]
2009-02-08 18:13:51 Debug: Notice (8): Undefined index:  schedules/* in [APP\views\helpers\app_form.php, line 216]
2009-02-08 18:13:51 Debug: Notice (8): Undefined index:  users/* in [APP\views\helpers\app_form.php, line 216]
2009-02-11 14:36:29 Debug: Notice (8): Undefined property: GroupsController::$id in [APP\controllers\groups_controller.php, line 32]
2009-02-11 14:36:29 Debug: Notice (8): Undefined variable: acl in [APP\controllers\groups_controller.php, line 36]
2009-02-11 14:37:15 Debug: Notice (8): Undefined variable: acl in [APP\controllers\groups_controller.php, line 36]
2009-02-11 16:04:00 Debug: Notice (8): Undefined variable: loginUser in [APP\views\layouts\default.ctp, line 51]
2009-02-11 19:32:22 Debug: Notice (8): Undefined offset:  1 in [CORE\cake\libs\view\helpers\form.php, line 1507]
2009-02-11 19:32:22 Debug: Notice (8): Undefined offset:  1 in [CORE\cake\libs\view\helpers\form.php, line 1508]
2009-02-11 19:32:22 Debug: Notice (8): Undefined offset:  1 in [CORE\cake\libs\view\helpers\form.php, line 1522]
2009-02-11 19:40:16 Debug: Notice (8): Undefined variable: time in [APP\views\helpers\schedule_table.php, line 170]
2009-02-11 20:02:33 Debug: Notice (8): Undefined variable: loginUser in [APP\views\layouts\default.ctp, line 51]
2009-02-11 20:25:21 Debug: Notice (8): Undefined variable: groups in [APP\views\schedules\index.ctp, line 5]
2009-02-11 20:25:21 Debug: Notice (8): Undefined variable: scope in [APP\views\helpers\schedule_table.php, line 263]
2009-02-11 20:25:21 Debug: Notice (8): Undefined variable: times in [APP\views\helpers\schedule_table.php, line 263]
2009-02-11 20:26:31 Debug: Notice (8): Undefined variable: groups in [APP\views\schedules\index.ctp, line 5]
2009-02-11 20:27:10 Debug: Notice (8): Undefined variable: groups in [APP\views\schedules\index.ctp, line 5]
2009-02-11 20:57:54 Debug: Notice (8): Undefined variable: users in [APP\controllers\schedules_controller.php, line 27]
2009-02-11 20:58:04 Debug: Notice (8): Undefined offset:  0 in [APP\controllers\schedules_controller.php, line 27]
2009-02-11 20:58:27 Debug: Notice (8): Undefined offset:  0 in [APP\controllers\schedules_controller.php, line 27]
2009-02-11 20:59:02 Debug: Notice (8): Undefined offset:  0 in [APP\controllers\schedules_controller.php, line 28]
2009-02-11 20:59:30 Debug: Notice (8): Undefined offset:  0 in [APP\controllers\schedules_controller.php, line 28]
2009-02-11 20:59:33 Debug: Notice (8): Undefined offset:  0 in [APP\controllers\schedules_controller.php, line 28]
2009-02-11 20:59:36 Debug: Notice (8): Undefined offset:  0 in [APP\controllers\schedules_controller.php, line 28]
2009-02-11 21:00:57 Debug: Notice (8): Undefined offset:  0 in [APP\controllers\schedules_controller.php, line 28]
2009-02-11 21:01:34 Debug: Notice (8): Undefined offset:  0 in [APP\controllers\schedules_controller.php, line 27]
2009-02-11 21:01:40 Debug: Notice (8): Undefined offset:  0 in [APP\controllers\schedules_controller.php, line 27]
2009-02-11 21:02:01 Debug: Notice (8): Undefined offset:  0 in [APP\controllers\schedules_controller.php, line 28]
2009-02-11 21:02:04 Debug: Notice (8): Undefined offset:  0 in [APP\controllers\schedules_controller.php, line 28]
2009-02-11 21:02:07 Debug: Notice (8): Undefined offset:  0 in [APP\controllers\schedules_controller.php, line 28]
2009-02-11 21:03:23 Debug: Notice (8): Undefined offset:  0 in [APP\controllers\schedules_controller.php, line 28]
2009-02-11 21:03:26 Debug: Notice (8): Undefined offset:  0 in [APP\controllers\schedules_controller.php, line 28]
2009-02-11 21:13:40 Debug: Notice (8): Undefined offset:  0 in [APP\controllers\schedules_controller.php, line 31]
2009-02-11 21:44:54 Debug: Notice (8): Undefined variable: user_id in [APP\models\schedule.php, line 33]
2009-02-11 22:19:52 Debug: Notice (8): Undefined index:  Schedule in [APP\views\helpers\schedule_table.php, line 35]
2009-02-11 22:19:52 Debug: Notice (8): Undefined index:  Schedule in [APP\views\helpers\schedule_table.php, line 36]
2009-02-11 22:20:39 Debug: Notice (8): Undefined index:  Schedule in [APP\views\helpers\schedule_table.php, line 35]
2009-02-11 22:20:39 Debug: Notice (8): Undefined index:  Schedule in [APP\views\helpers\schedule_table.php, line 36]
2009-02-11 22:21:03 Debug: Notice (8): Undefined index:  Schedule in [APP\views\helpers\schedule_table.php, line 35]
2009-02-11 22:21:03 Debug: Notice (8): Undefined index:  Schedule in [APP\views\helpers\schedule_table.php, line 36]
2009-02-11 22:22:11 Debug: Notice (8): Undefined index:  Schedule in [APP\views\helpers\schedule_table.php, line 35]
2009-02-11 22:22:11 Debug: Notice (8): Undefined index:  Schedule in [APP\views\helpers\schedule_table.php, line 36]
2009-02-11 22:22:32 Debug: Notice (8): Undefined index:  Schedule in [APP\views\helpers\schedule_table.php, line 35]
2009-02-11 22:22:32 Debug: Notice (8): Undefined index:  Schedule in [APP\views\helpers\schedule_table.php, line 36]
2009-02-11 22:22:51 Debug: Notice (8): Undefined index:  Schedule in [APP\views\helpers\schedule_table.php, line 35]
2009-02-11 22:22:51 Debug: Notice (8): Undefined index:  Schedule in [APP\views\helpers\schedule_table.php, line 36]
2009-02-11 22:26:50 Debug: Notice (8): Undefined index:  Schedule in [APP\views\helpers\schedule_table.php, line 35]
2009-02-11 22:26:50 Debug: Notice (8): Undefined index:  Schedule in [APP\views\helpers\schedule_table.php, line 36]
2009-02-11 22:29:18 Debug: Notice (8): Undefined index:  Schedule in [APP\views\helpers\schedule_table.php, line 35]
2009-02-11 22:29:18 Debug: Notice (8): Undefined index:  Schedule in [APP\views\helpers\schedule_table.php, line 36]
2009-02-11 22:29:45 Debug: Notice (8): Undefined index:  Schedule in [APP\views\helpers\schedule_table.php, line 35]
2009-02-11 22:29:45 Debug: Notice (8): Undefined index:  Schedule in [APP\views\helpers\schedule_table.php, line 36]
2009-02-11 22:42:01 Debug: Notice (8): Undefined variable: user in [APP\views\helpers\schedule_table.php, line 26]
2009-02-11 22:42:01 Debug: Notice (8): Undefined variable: out in [APP\views\helpers\schedule_table.php, line 34]
2009-02-11 22:42:01 Debug: Notice (8): Undefined index:  Schedule in [APP\views\helpers\schedule_table.php, line 45]
2009-02-11 22:42:01 Debug: Notice (8): Undefined index:  Schedule in [APP\views\helpers\schedule_table.php, line 46]
2009-02-11 22:42:01 Debug: Notice (8): Undefined index:  from in [APP\views\helpers\schedule_table.php, line 45]
2009-02-11 22:42:01 Debug: Notice (8): Undefined index:  to in [APP\views\helpers\schedule_table.php, line 46]
2009-02-11 22:43:42 Debug: Notice (8): Undefined variable: user_schedules in [APP\views\helpers\schedule_table.php, line 26]
2009-02-11 22:43:42 Debug: Notice (8): Undefined variable: out in [APP\views\helpers\schedule_table.php, line 35]
2009-02-11 22:43:42 Debug: Notice (8): Undefined variable: user in [APP\views\helpers\schedule_table.php, line 36]
2009-02-11 22:43:42 Debug: Notice (8): Undefined variable: schedules in [APP\views\helpers\schedule_table.php, line 45]
2009-02-11 22:44:03 Debug: Notice (8): Undefined variable: out in [APP\views\helpers\schedule_table.php, line 35]
2009-02-11 22:45:55 Debug: Notice (8): Undefined index:  Schedule in [APP\views\helpers\schedule_table.php, line 78]
2009-02-11 22:45:55 Debug: Notice (8): Undefined index:  Schedule in [APP\views\helpers\schedule_table.php, line 79]
2009-02-11 23:00:09 Debug: Notice (8): Undefined variable: user_schedule in [APP\views\helpers\schedule_table.php, line 65]
2009-02-11 23:00:09 Debug: Notice (8): Undefined variable: schedules in [APP\views\helpers\schedule_table.php, line 78]
2009-02-11 23:00:16 Debug: Notice (8): Undefined variable: user_schedule in [APP\views\helpers\schedule_table.php, line 65]
2009-02-11 23:00:16 Debug: Notice (8): Undefined variable: schedules in [APP\views\helpers\schedule_table.php, line 78]
2009-02-11 23:16:51 Debug: Notice (8): Undefined property: AppAuthComponent::$param in [APP\controllers\components\app_auth.php, line 45]
2009-02-12 11:39:04 Debug: Notice (8): Undefined variable: form in [CORE\cake\libs\view\scaffolds\edit.ctp, line 27]
2009-02-12 11:56:15 Debug: Notice (8): Undefined variable: loginUser in [APP\views\layouts\default.ctp, line 51]
2009-02-12 12:11:46 Debug: Notice (8): Undefined property: UserProfilesController::$param in [APP\controllers\user_profiles_controller.php, line 21]
2009-02-12 12:13:01 Debug: Notice (8): Undefined offset:  0 in [APP\controllers\user_profiles_controller.php, line 21]
2009-02-12 17:22:31 Debug: Notice (8): Undefined variable: loginUser in [APP\views\layouts\default.ctp, line 51]
2009-02-12 17:23:16 Debug: Notice (8): Undefined variable: loginUser in [APP\views\layouts\default.ctp, line 51]
2009-02-12 17:23:31 Debug: Notice (8): Undefined variable: user in [APP\views\user_profiles\scaffold.view.ctp, line 6]
2009-02-12 17:23:31 Debug: Notice (8): Undefined variable: user in [APP\views\user_profiles\scaffold.view.ctp, line 11]
2009-02-12 17:23:31 Debug: Notice (8): Undefined variable: user in [APP\views\user_profiles\scaffold.view.ctp, line 16]
2009-02-12 17:23:31 Debug: Notice (8): Undefined variable: user in [APP\views\user_profiles\scaffold.view.ctp, line 21]
2009-02-12 17:23:32 Debug: Notice (8): Undefined variable: user in [APP\views\user_profiles\scaffold.view.ctp, line 26]
2009-02-12 17:24:03 Debug: Notice (8): Undefined variable: loginUser in [APP\views\layouts\default.ctp, line 51]
2009-02-12 17:24:55 Debug: Notice (8): Undefined variable: loginUser in [APP\views\layouts\default.ctp, line 51]
2009-02-12 17:24:58 Debug: Notice (8): Undefined variable: loginUser in [APP\views\layouts\default.ctp, line 51]
2009-02-12 17:26:09 Debug: Notice (8): Undefined variable: loginUser in [APP\views\layouts\default.ctp, line 51]
2009-02-12 18:26:34 Debug: Notice (8): Undefined variable: autumnEquinox_ret in [APP\utils\holidays\ja\holidays.php, line 189]
2009-02-12 18:26:51 Debug: Notice (8): Undefined variable: autumnEquinox_ret in [APP\utils\holidays\ja\holidays.php, line 189]
2009-02-14 13:47:39 Debug: Notice (8): Undefined variable: aros in [APP\views\elements\action_menu.ctp, line 4]
2009-02-14 14:03:28 Debug: Notice (8): Undefined property: UserProfilesController::$controller in [APP\controllers\user_profiles_controller.php, line 27]
2009-02-14 14:03:28 Debug: Notice (8): Trying to get property of non-object in [APP\controllers\user_profiles_controller.php, line 27]
2009-02-14 14:04:35 Debug: Notice (8): Undefined property: UserProfilesController::$controller in [APP\controllers\user_profiles_controller.php, line 28]
2009-02-14 14:04:35 Debug: Notice (8): Trying to get property of non-object in [APP\controllers\user_profiles_controller.php, line 28]
2009-02-14 15:26:37 Debug: Notice (8): Undefined variable: group_id in [APP\views\schedules\index.ctp, line 5]
2009-02-14 15:27:30 Debug: Notice (8): Undefined variable: group_id in [APP\views\schedules\index.ctp, line 5]
2009-02-14 15:46:30 Debug: Notice (8): Undefined index:  group in [APP\controllers\schedules_controller.php, line 39]
2009-02-14 16:50:45 Debug: Notice (8): Undefined variable: loginUser in [APP\views\layouts\default.ctp, line 45]
2009-02-14 16:50:45 Debug: Notice (8): Undefined variable: loginUser in [APP\views\layouts\default.ctp, line 52]
2009-02-14 16:52:15 Debug: Notice (8): Undefined variable: loginUser in [APP\views\layouts\default.ctp, line 45]
2009-02-14 16:52:15 Debug: Notice (8): Undefined variable: loginUser in [APP\views\layouts\default.ctp, line 52]
2009-02-14 16:52:33 Debug: Notice (8): Undefined variable: loginUser in [APP\views\layouts\default.ctp, line 45]
2009-02-14 16:52:33 Debug: Notice (8): Undefined variable: loginUser in [APP\views\layouts\default.ctp, line 52]
2009-02-14 16:53:31 Debug: Notice (8): Undefined variable: loginUser in [APP\views\layouts\default.ctp, line 45]
2009-02-14 16:53:31 Debug: Notice (8): Undefined variable: loginUser in [APP\views\layouts\default.ctp, line 52]
2009-02-14 16:53:45 Debug: Notice (8): Undefined variable: loginUser in [APP\views\layouts\default.ctp, line 45]
2009-02-14 16:53:45 Debug: Notice (8): Undefined variable: loginUser in [APP\views\layouts\default.ctp, line 52]
2009-02-14 16:54:43 Debug: Notice (8): Undefined variable: loginUser in [APP\views\layouts\default.ctp, line 45]
2009-02-14 16:54:43 Debug: Notice (8): Undefined variable: loginUser in [APP\views\layouts\default.ctp, line 52]
2009-02-14 16:58:15 Debug: Notice (8): Undefined variable: loginUser in [APP\views\layouts\default.ctp, line 45]
2009-02-14 16:58:15 Debug: Notice (8): Undefined variable: loginUser in [APP\views\layouts\default.ctp, line 52]
2009-02-14 16:58:46 Debug: Notice (8): Undefined index:  action in [CORE\cake\dispatcher.php, line 428]
2009-02-14 16:58:46 Debug: Notice (8): Undefined variable: loginUser in [APP\views\layouts\default.ctp, line 45]
2009-02-14 16:58:46 Debug: Notice (8): Undefined variable: loginUser in [APP\views\layouts\default.ctp, line 52]
2009-02-14 16:59:23 Debug: Notice (8): Undefined index:  action in [CORE\cake\dispatcher.php, line 428]
2009-02-14 16:59:23 Debug: Notice (8): Undefined variable: loginUser in [APP\views\layouts\default.ctp, line 45]
2009-02-14 16:59:23 Debug: Notice (8): Undefined variable: loginUser in [APP\views\layouts\default.ctp, line 52]
2009-02-14 16:59:35 Debug: Notice (8): Undefined index:  action in [CORE\cake\dispatcher.php, line 428]
2009-02-14 16:59:35 Debug: Notice (8): Undefined variable: loginUser in [APP\views\layouts\default.ctp, line 45]
2009-02-14 16:59:35 Debug: Notice (8): Undefined variable: loginUser in [APP\views\layouts\default.ctp, line 52]
2009-02-14 17:00:21 Debug: Notice (8): Undefined index:  controller in [CORE\cake\dispatcher.php, line 427]
2009-02-14 17:00:21 Debug: Notice (8): Undefined index:  action in [CORE\cake\dispatcher.php, line 428]
2009-02-14 17:00:21 Debug: Notice (8): Undefined index:  controller in [CORE\cake\dispatcher.php, line 141]
2009-02-14 17:00:22 Debug: Notice (8): Undefined variable: loginUser in [APP\views\layouts\default.ctp, line 45]
2009-02-14 17:00:22 Debug: Notice (8): Undefined variable: loginUser in [APP\views\layouts\default.ctp, line 52]
2009-02-14 17:02:28 Debug: Notice (8): Undefined variable: loginUser in [APP\views\layouts\default.ctp, line 45]
2009-02-14 17:02:28 Debug: Notice (8): Undefined variable: loginUser in [APP\views\layouts\default.ctp, line 52]
2009-02-14 17:03:19 Debug: Notice (8): Undefined variable: loginUser in [APP\views\layouts\default.ctp, line 45]
2009-02-14 17:03:19 Debug: Notice (8): Undefined variable: loginUser in [APP\views\layouts\default.ctp, line 52]
2009-02-14 17:05:17 Debug: Notice (8): Undefined variable: loginUser in [APP\views\layouts\default.ctp, line 45]
2009-02-14 17:05:17 Debug: Notice (8): Undefined variable: loginUser in [APP\views\layouts\default.ctp, line 52]
2009-02-14 17:08:43 Debug: Notice (8): Undefined property: Dispatcher::$param in [CORE\cake\dispatcher.php, line 114]
2009-02-14 17:09:09 Debug: Notice (8): Undefined variable: loginUser in [APP\views\layouts\default.ctp, line 45]
2009-02-14 17:09:09 Debug: Notice (8): Undefined variable: loginUser in [APP\views\layouts\default.ctp, line 52]
2009-02-14 17:09:16 Debug: Notice (8): Undefined variable: loginUser in [APP\views\layouts\default.ctp, line 45]
2009-02-14 17:09:16 Debug: Notice (8): Undefined variable: loginUser in [APP\views\layouts\default.ctp, line 52]
2009-02-14 17:09:27 Debug: Notice (8): Undefined variable: loginUser in [APP\views\layouts\default.ctp, line 45]
2009-02-14 17:09:27 Debug: Notice (8): Undefined variable: loginUser in [APP\views\layouts\default.ctp, line 52]
2009-02-14 17:11:04 Debug: Notice (8): Undefined variable: loginUser in [APP\views\layouts\default.ctp, line 45]
2009-02-14 17:11:04 Debug: Notice (8): Undefined variable: loginUser in [APP\views\layouts\default.ctp, line 52]
2009-02-14 17:11:33 Debug: Notice (8): Undefined variable: loginUser in [APP\views\layouts\default.ctp, line 45]
2009-02-14 17:11:33 Debug: Notice (8): Undefined variable: loginUser in [APP\views\layouts\default.ctp, line 52]
2009-02-14 17:12:06 Debug: Notice (8): Undefined variable: loginUser in [APP\views\layouts\default.ctp, line 45]
2009-02-14 17:12:06 Debug: Notice (8): Undefined variable: loginUser in [APP\views\layouts\default.ctp, line 52]
2009-02-14 17:12:27 Debug: Notice (8): Undefined variable: loginUser in [APP\views\layouts\default.ctp, line 45]
2009-02-14 17:12:27 Debug: Notice (8): Undefined variable: loginUser in [APP\views\layouts\default.ctp, line 52]
2009-02-14 17:12:47 Debug: Notice (8): Undefined variable: loginUser in [APP\views\layouts\default.ctp, line 45]
2009-02-14 17:12:47 Debug: Notice (8): Undefined variable: loginUser in [APP\views\layouts\default.ctp, line 52]
2009-02-14 17:13:19 Debug: Notice (8): Undefined variable: loginUser in [APP\views\layouts\default.ctp, line 45]
2009-02-14 17:13:19 Debug: Notice (8): Undefined variable: loginUser in [APP\views\layouts\default.ctp, line 52]
2009-02-14 17:13:39 Debug: Notice (8): Undefined variable: loginUser in [APP\views\layouts\default.ctp, line 45]
2009-02-14 17:13:39 Debug: Notice (8): Undefined variable: loginUser in [APP\views\layouts\default.ctp, line 52]
2009-02-14 17:14:08 Debug: Notice (8): Undefined variable: loginUser in [APP\views\layouts\default.ctp, line 45]
2009-02-14 17:14:08 Debug: Notice (8): Undefined variable: loginUser in [APP\views\layouts\default.ctp, line 52]
2009-02-14 17:14:10 Debug: Notice (8): Undefined variable: loginUser in [APP\views\layouts\default.ctp, line 45]
2009-02-14 17:14:10 Debug: Notice (8): Undefined variable: loginUser in [APP\views\layouts\default.ctp, line 52]
2009-02-14 17:14:48 Debug: Notice (8): Undefined variable: loginUser in [APP\views\layouts\default.ctp, line 45]
2009-02-14 17:14:48 Debug: Notice (8): Undefined variable: loginUser in [APP\views\layouts\default.ctp, line 52]
2009-02-14 17:15:20 Debug: Notice (8): Undefined variable: loginUser in [APP\views\layouts\default.ctp, line 45]
2009-02-14 17:15:20 Debug: Notice (8): Undefined variable: loginUser in [APP\views\layouts\default.ctp, line 52]
2009-02-14 17:15:32 Debug: Notice (8): Undefined variable: loginUser in [APP\views\layouts\default.ctp, line 45]
2009-02-14 17:15:32 Debug: Notice (8): Undefined variable: loginUser in [APP\views\layouts\default.ctp, line 52]
2009-02-14 17:15:45 Debug: Notice (8): Undefined variable: loginUser in [APP\views\layouts\default.ctp, line 45]
2009-02-14 17:15:45 Debug: Notice (8): Undefined variable: loginUser in [APP\views\layouts\default.ctp, line 52]
2009-02-14 17:16:03 Debug: Notice (8): Undefined variable: loginUser in [APP\views\layouts\default.ctp, line 45]
2009-02-14 17:16:03 Debug: Notice (8): Undefined variable: loginUser in [APP\views\layouts\default.ctp, line 52]
2009-02-14 17:18:35 Debug: Notice (8): Undefined variable: loginUser in [APP\views\layouts\default.ctp, line 45]
2009-02-14 17:18:35 Debug: Notice (8): Undefined variable: loginUser in [APP\views\layouts\default.ctp, line 52]
2009-02-14 17:18:51 Debug: Notice (8): Undefined variable: loginUser in [APP\views\layouts\default.ctp, line 45]
2009-02-14 17:18:51 Debug: Notice (8): Undefined variable: loginUser in [APP\views\layouts\default.ctp, line 52]
2009-02-14 17:18:55 Debug: Notice (8): Undefined variable: loginUser in [APP\views\layouts\default.ctp, line 45]
2009-02-14 17:18:55 Debug: Notice (8): Undefined variable: loginUser in [APP\views\layouts\default.ctp, line 52]
2009-02-14 17:20:55 Debug: Notice (8): Undefined variable: loginUser in [APP\views\layouts\default.ctp, line 45]
2009-02-14 17:20:55 Debug: Notice (8): Undefined variable: loginUser in [APP\views\layouts\default.ctp, line 52]
2009-02-14 17:21:24 Debug: Notice (8): Undefined variable: loginUser in [APP\views\layouts\default.ctp, line 45]
2009-02-14 17:21:24 Debug: Notice (8): Undefined variable: loginUser in [APP\views\layouts\default.ctp, line 52]
2009-02-14 17:24:11 Debug: Notice (8): Undefined variable: loginUser in [APP\views\layouts\default.ctp, line 45]
2009-02-14 17:24:11 Debug: Notice (8): Undefined variable: loginUser in [APP\views\layouts\default.ctp, line 52]
2009-02-14 17:26:39 Debug: Notice (8): Undefined variable: loginUser in [APP\views\layouts\default.ctp, line 45]
2009-02-14 17:26:39 Debug: Notice (8): Undefined variable: loginUser in [APP\views\layouts\default.ctp, line 52]
2009-02-14 17:26:44 Debug: Notice (8): Undefined variable: loginUser in [APP\views\layouts\default.ctp, line 45]
2009-02-14 17:26:44 Debug: Notice (8): Undefined variable: loginUser in [APP\views\layouts\default.ctp, line 52]
2009-02-14 17:27:14 Debug: Notice (8): Undefined variable: loginUser in [APP\views\layouts\default.ctp, line 45]
2009-02-14 17:27:14 Debug: Notice (8): Undefined variable: loginUser in [APP\views\layouts\default.ctp, line 52]
2009-02-14 17:32:47 Debug: Notice (8): Undefined variable: loginUser in [APP\views\layouts\default.ctp, line 45]
2009-02-14 17:32:47 Debug: Notice (8): Undefined variable: loginUser in [APP\views\layouts\default.ctp, line 52]
2009-02-14 17:32:57 Debug: Notice (8): Undefined variable: loginUser in [APP\views\layouts\default.ctp, line 45]
2009-02-14 17:32:57 Debug: Notice (8): Undefined variable: loginUser in [APP\views\layouts\default.ctp, line 52]
2009-02-14 17:33:54 Debug: Notice (8): Undefined variable: loginUser in [APP\views\layouts\default.ctp, line 45]
2009-02-14 17:33:54 Debug: Notice (8): Undefined variable: loginUser in [APP\views\layouts\default.ctp, line 52]
2009-02-14 17:34:29 Debug: Notice (8): Undefined variable: loginUser in [APP\views\layouts\default.ctp, line 45]
2009-02-14 17:34:29 Debug: Notice (8): Undefined variable: loginUser in [APP\views\layouts\default.ctp, line 52]
2009-02-14 17:34:33 Debug: Notice (8): Undefined variable: loginUser in [APP\views\layouts\default.ctp, line 45]
2009-02-14 17:34:33 Debug: Notice (8): Undefined variable: loginUser in [APP\views\layouts\default.ctp, line 52]
2009-02-14 17:36:05 Debug: Notice (8): Undefined variable: loginUser in [APP\views\layouts\default.ctp, line 45]
2009-02-14 17:36:05 Debug: Notice (8): Undefined variable: loginUser in [APP\views\layouts\default.ctp, line 52]
2009-02-14 17:36:20 Debug: Notice (8): Undefined variable: loginUser in [APP\views\layouts\default.ctp, line 45]
2009-02-14 17:36:20 Debug: Notice (8): Undefined variable: loginUser in [APP\views\layouts\default.ctp, line 52]
2009-02-14 17:36:57 Debug: Notice (8): Undefined variable: loginUser in [APP\views\layouts\default.ctp, line 45]
2009-02-14 17:36:57 Debug: Notice (8): Undefined variable: loginUser in [APP\views\layouts\default.ctp, line 52]
2009-02-14 17:37:54 Debug: Notice (8): Undefined variable: url in [APP\views\elements\action_menu.ctp, line 3]
2009-02-14 17:37:54 Debug: Notice (8): Undefined variable: loginUser in [APP\views\layouts\default.ctp, line 45]
2009-02-14 17:37:54 Debug: Notice (8): Undefined variable: loginUser in [APP\views\layouts\default.ctp, line 52]
2009-02-14 17:38:09 Debug: Notice (8): Undefined variable: url in [APP\views\elements\action_menu.ctp, line 3]
2009-02-14 17:38:09 Debug: Notice (8): Undefined variable: loginUser in [APP\views\layouts\default.ctp, line 45]
2009-02-14 17:38:09 Debug: Notice (8): Undefined variable: loginUser in [APP\views\layouts\default.ctp, line 52]
2009-02-14 17:38:19 Debug: Notice (8): Undefined variable: url in [APP\views\elements\action_menu.ctp, line 3]
2009-02-14 17:38:20 Debug: Notice (8): Undefined variable: loginUser in [APP\views\layouts\default.ctp, line 45]
2009-02-14 17:38:20 Debug: Notice (8): Undefined variable: loginUser in [APP\views\layouts\default.ctp, line 52]
2009-02-14 17:38:51 Debug: Notice (8): Undefined variable: loginUser in [APP\views\layouts\default.ctp, line 45]
2009-02-14 17:38:51 Debug: Notice (8): Undefined variable: loginUser in [APP\views\layouts\default.ctp, line 52]
2009-02-14 17:39:31 Debug: Notice (8): Undefined variable: loginUser in [APP\views\layouts\default.ctp, line 45]
2009-02-14 17:39:31 Debug: Notice (8): Undefined variable: loginUser in [APP\views\layouts\default.ctp, line 52]
2009-02-14 17:39:37 Debug: Notice (8): Undefined variable: loginUser in [APP\views\layouts\default.ctp, line 45]
2009-02-14 17:39:37 Debug: Notice (8): Undefined variable: loginUser in [APP\views\layouts\default.ctp, line 52]
2009-02-14 17:59:19 Debug: Notice (8): Undefined variable: loginUser in [APP\views\layouts\default.ctp, line 45]
2009-02-14 17:59:19 Debug: Notice (8): Undefined variable: loginUser in [APP\views\layouts\default.ctp, line 52]
2009-02-15 19:27:07 Debug: Notice (8): Undefined variable: user in [APP\views\helpers\schedule_table.php, line 187]
2009-02-15 19:27:53 Debug: Notice (8): Undefined variable: user in [APP\views\helpers\schedule_table.php, line 187]
2009-02-15 19:28:02 Debug: Notice (8): Undefined variable: user in [APP\views\helpers\schedule_table.php, line 187]
2009-02-15 19:28:12 Debug: Notice (8): Undefined variable: user in [APP\views\helpers\schedule_table.php, line 187]
2009-02-15 19:29:13 Debug: Notice (8): Undefined variable: user in [APP\views\helpers\schedule_table.php, line 188]
2009-02-15 19:30:43 Debug: Notice (8): Undefined variable: user in [APP\views\helpers\schedule_table.php, line 188]
2009-02-15 19:30:49 Debug: Notice (8): Undefined variable: user in [APP\views\helpers\schedule_table.php, line 187]
